09-19 20:02:07 model_name: cnn_features_1d
09-19 20:02:07 data_name: PHMFFT
09-19 20:02:07 data_dir: D:\Data\PHM2009gearbox\PHM_Society_2009_Competition_Expanded_txt
09-19 20:02:07 transfer_task: [[0], [3]]
09-19 20:02:07 normlizetype: mean-std
09-19 20:02:07 cuda_device: 0
09-19 20:02:07 checkpoint_dir: ./checkpoint
09-19 20:02:07 pretrained: False
09-19 20:02:07 batch_size: 64
09-19 20:02:07 num_workers: 0
09-19 20:02:07 bottleneck: True
09-19 20:02:07 bottleneck_num: 256
09-19 20:02:07 last_batch: False
09-19 20:02:07 distance_metric: False
09-19 20:02:07 distance_loss: MK-MMD
09-19 20:02:07 trade_off_distance: Step
09-19 20:02:07 lam_distance: 1
09-19 20:02:07 domain_adversarial: True
09-19 20:02:07 adversarial_loss: CDA+E
09-19 20:02:07 hidden_size: 1024
09-19 20:02:07 trade_off_adversarial: Step
09-19 20:02:07 lam_adversarial: 1
09-19 20:02:07 opt: adam
09-19 20:02:07 lr: 0.001
09-19 20:02:07 momentum: 0.9
09-19 20:02:07 weight_decay: 1e-05
09-19 20:02:07 lr_scheduler: step
09-19 20:02:07 gamma: 0.1
09-19 20:02:07 steps: 150, 250
09-19 20:02:07 middle_epoch: 50
09-19 20:02:07 max_epoch: 300
09-19 20:02:07 print_step: 50
09-19 20:02:07 using 1 gpus
