09-19 14:24:57 model_name: cnn_features_1d
09-19 14:24:57 data_name: PHMFFT
09-19 14:24:57 data_dir: D:\Data\PHM2009gearbox\PHM_Society_2009_Competition_Expanded_txt
09-19 14:24:57 transfer_task: [[0], [3]]
09-19 14:24:57 normlizetype: mean-std
09-19 14:24:57 cuda_device: 0
09-19 14:24:57 checkpoint_dir: ./checkpoint
09-19 14:24:57 pretrained: False
09-19 14:24:57 batch_size: 64
09-19 14:24:57 num_workers: 0
09-19 14:24:57 bottleneck: True
09-19 14:24:57 bottleneck_num: 256
09-19 14:24:57 last_batch: False
09-19 14:24:57 distance_metric: False
09-19 14:24:57 distance_loss: MK-MMD
09-19 14:24:57 trade_off_distance: Step
09-19 14:24:57 lam_distance: 1
09-19 14:24:57 domain_adversarial: True
09-19 14:24:57 adversarial_loss: CDA+E
09-19 14:24:57 hidden_size: 1024
09-19 14:24:57 trade_off_adversarial: Step
09-19 14:24:57 lam_adversarial: 1
09-19 14:24:57 opt: adam
09-19 14:24:57 lr: 0.001
09-19 14:24:57 momentum: 0.9
09-19 14:24:57 weight_decay: 1e-05
09-19 14:24:57 lr_scheduler: step
09-19 14:24:57 gamma: 0.1
09-19 14:24:57 steps: 150, 250
09-19 14:24:57 middle_epoch: 50
09-19 14:24:57 max_epoch: 300
09-19 14:24:57 print_step: 50
09-19 14:24:57 using 1 gpus
