09-19 19:26:11 model_name: cnn_features_1d
09-19 19:26:11 data_name: PHMFFT
09-19 19:26:11 data_dir: D:\Data\PHM2009gearbox\PHM_Society_2009_Competition_Expanded_txt
09-19 19:26:11 transfer_task: [[0], [3]]
09-19 19:26:11 normlizetype: mean-std
09-19 19:26:11 cuda_device: 0
09-19 19:26:11 checkpoint_dir: ./checkpoint
09-19 19:26:11 pretrained: False
09-19 19:26:11 batch_size: 64
09-19 19:26:11 num_workers: 0
09-19 19:26:11 bottleneck: True
09-19 19:26:11 bottleneck_num: 256
09-19 19:26:11 last_batch: False
09-19 19:26:11 distance_metric: False
09-19 19:26:11 distance_loss: MK-MMD
09-19 19:26:11 trade_off_distance: Step
09-19 19:26:11 lam_distance: 1
09-19 19:26:11 domain_adversarial: True
09-19 19:26:11 adversarial_loss: CDA+E
09-19 19:26:11 hidden_size: 1024
09-19 19:26:11 trade_off_adversarial: Step
09-19 19:26:11 lam_adversarial: 1
09-19 19:26:11 opt: adam
09-19 19:26:11 lr: 0.001
09-19 19:26:11 momentum: 0.9
09-19 19:26:11 weight_decay: 1e-05
09-19 19:26:11 lr_scheduler: step
09-19 19:26:11 gamma: 0.1
09-19 19:26:11 steps: 150, 250
09-19 19:26:11 middle_epoch: 50
09-19 19:26:11 max_epoch: 300
09-19 19:26:11 print_step: 50
09-19 19:28:31 using 1 gpus
