09-19 14:18:53 model_name: cnn_features_1d
09-19 14:18:53 data_name: PHMFFT
09-19 14:18:53 data_dir: D:\Data\PHM2009gearbox\PHM_Society_2009_Competition_Expanded_txt
09-19 14:18:53 transfer_task: [[0], [3]]
09-19 14:18:53 normlizetype: mean-std
09-19 14:18:53 cuda_device: 0
09-19 14:18:53 checkpoint_dir: ./checkpoint
09-19 14:18:53 pretrained: False
09-19 14:18:53 batch_size: 64
09-19 14:18:53 num_workers: 0
09-19 14:18:53 bottleneck: True
09-19 14:18:53 bottleneck_num: 256
09-19 14:18:53 last_batch: False
09-19 14:18:53 distance_metric: False
09-19 14:18:53 distance_loss: MK-MMD
09-19 14:18:53 trade_off_distance: Step
09-19 14:18:53 lam_distance: 1
09-19 14:18:53 domain_adversarial: True
09-19 14:18:53 adversarial_loss: CDA+E
09-19 14:18:53 hidden_size: 1024
09-19 14:18:53 trade_off_adversarial: Step
09-19 14:18:53 lam_adversarial: 1
09-19 14:18:53 opt: adam
09-19 14:18:53 lr: 0.001
09-19 14:18:53 momentum: 0.9
09-19 14:18:53 weight_decay: 1e-05
09-19 14:18:53 lr_scheduler: step
09-19 14:18:53 gamma: 0.1
09-19 14:18:53 steps: 150, 250
09-19 14:18:53 middle_epoch: 50
09-19 14:18:53 max_epoch: 300
09-19 14:18:53 print_step: 50
09-19 14:18:53 using 1 gpus
